-------------------- Log Start | Sun Aug 11 19:57:36 2024 --------------------
platform: Linux-5.10.103-v7l+-armv7l-with-glibc2.31
data_path: /home/nozzle/hange_data
is_default_data_path: False
config_file: /home/nozzle/hange_data/config/moonraker.conf
backup_config: None
startup_warnings: []
verbose: False
debug: False
asyncio_debug: False
is_backup_config: False
is_python_package: False
instance_uuid: f4d2f154f7c54081a500c661a1244a3c
unix_socket_path: /home/nozzle/hange_data/comms/moonraker.sock
software_version: v0.9.2-6-gf735c04
git_branch: master
git_remote: origin
git_repo_url: https://github.com/Arksine/moonraker.git
modified_files: []
unofficial_components: []
log_file: /home/nozzle/hange_data/logs/moonraker.log
python_version: 3.9.2 (default, Mar 12 2021, 04:06:34)  [GCC 10.2.1 20210110]
launch_args: /home/nozzle/moonraker-env/bin/python /home/nozzle/moonraker/moonraker/moonraker.py -d /home/nozzle/hange_data
msgspec_enabled: False
uvloop_enabled: False
2024-08-11 15:57:37,007 [confighelper.py:read_file()] - Configuration File '/home/nozzle/hange_data/config/moonraker.conf' parsed, total size: 448 B
2024-08-11 15:57:37,007 [server.py:add_log_rollover_item()] - 
#################### Moonraker Configuration ####################

[server]
host = 0.0.0.0
port = 7125
klippy_uds_address = /home/nozzle/hange_data/comms/klippy.sock

[authorization]
trusted_clients = 
	10.0.0.0/8
	127.0.0.0/8
	169.254.0.0/16
	172.16.0.0/12
	192.168.0.0/16
	FE80::/10
	::1/128
cors_domains = 
	*.lan
	*.local
	*://localhost
	*://localhost:*
	*://my.mainsail.xyz
	*://app.fluidd.xyz

[octoprint_compat]

[history]

[update_manager]
channel = dev
refresh_interval = 168

#################################################################
All Configuration Files:
/home/nozzle/hange_data/config/moonraker.conf
#################################################################
2024-08-11 15:57:37,206 [server.py:load_component()] - Component (secrets) loaded
2024-08-11 15:57:37,214 [server.py:load_component()] - Component (template) loaded
2024-08-11 15:57:37,223 [server.py:load_component()] - Component (klippy_connection) loaded
2024-08-11 15:57:37,960 [server.py:load_component()] - Component (application) loaded
2024-08-11 15:57:37,981 [server.py:load_component()] - Component (websockets) loaded
2024-08-11 15:57:38,451 [server.py:add_log_rollover_item()] - Loading Sqlite database provider. Sqlite Version: 3.34.1
2024-08-11 15:57:38,562 [server.py:add_log_rollover_item()] - Created default SQL table namespace_store
2024-08-11 15:57:38,585 [server.py:add_log_rollover_item()] - Unsafe Shutdown Count: 0
2024-08-11 15:57:38,609 [server.py:load_component()] - Component (database) loaded
2024-08-11 15:57:38,667 [server.py:load_component()] - Component (dbus_manager) loaded
2024-08-11 15:57:38,798 [file_manager.py:__init__()] - Using File System Observer: inotify
2024-08-11 15:57:38,825 [server.py:load_component()] - Component (file_manager) loaded
2024-08-11 15:57:38,870 [database.py:register_table()] - Creating table authorized_users...
2024-08-11 15:57:38,940 [authorization.py:__init__()] - Authorization Configuration Loaded
Trusted Clients:
10.0.0.0/8
127.0.0.0/8
169.254.0.0/16
172.16.0.0/12
192.168.0.0/16
fe80::/10
::1/128
CORS Domains:
.*\.lan
.*\.local
.*://localhost
.*://localhost:.*
.*://my\.mainsail\.xyz
.*://app\.fluidd\.xyz
2024-08-11 15:57:38,948 [server.py:load_component()] - Component (authorization) loaded
2024-08-11 15:57:38,959 [server.py:load_component()] - Component (klippy_apis) loaded
2024-08-11 15:57:39,283 [server.py:add_log_rollover_item()] - 
System Info:

***python***
  version: (3, 9, 2, 'final', 0)
  version_string: 3.9.2 (default, Mar 12 2021, 04:06:34)  [GCC 10.2.1 20210110]

***cpu_info***
  cpu_count: 4
  bits: 32bit
  processor: armv7l
  cpu_desc: ARMv7 Processor rev 3 (v7l)
  serial_number: 1000000067d0b673
  hardware_desc: BCM2711
  model: Raspberry Pi 4 Model B Rev 1.2
  total_memory: 1864328
  memory_units: kB

***sd_info***
  manufacturer_id: 03
  manufacturer: Sandisk
  oem_id: 5344
  product_name: SC128
  product_revision: 8.0
  serial_number: e1113d5a
  manufacturer_date: 11/2020
  capacity: 119.1 GiB
  total_bytes: 127865454592

***distribution***
  name: Raspbian GNU/Linux 11 (bullseye)
  id: raspbian
  version: 11
  version_parts: {'major': '11', 'minor': '', 'build_number': ''}
  like: debian
  codename: bullseye
  release_info: {}
  kernel_version: 5.10.103-v7l+

***virtualization***
  virt_type: none
  virt_identifier: none

***network***

***canbus***

***Allowed Services***
  klipper_mcu
  webcamd
  MoonCord
  KlipperScreen
  moonraker-telegram-bot
  moonraker-obico
  sonar
  crowsnest
  octoeverywhere
  ratos-configurator
2024-08-11 15:57:39,301 [server.py:load_component()] - Component (shell_command) loaded
2024-08-11 15:57:39,301 [machine.py:__init__()] - Using System Provider: systemd_dbus
2024-08-11 15:57:39,317 [server.py:add_log_rollover_item()] - Module libcamera unavailble, import failed
2024-08-11 15:57:39,317 [server.py:load_component()] - Component (machine) loaded
2024-08-11 15:57:39,326 [server.py:load_component()] - Component (data_store) loaded
2024-08-11 15:57:39,340 [proc_stats.py:__init__()] - Detected 'vcgencmd', throttle checking enabled
2024-08-11 15:57:39,341 [server.py:load_component()] - Component (proc_stats) loaded
2024-08-11 15:57:39,347 [server.py:load_component()] - Component (job_state) loaded
2024-08-11 15:57:39,363 [server.py:load_component()] - Component (job_queue) loaded
2024-08-11 15:57:39,384 [database.py:register_table()] - Creating table job_history...
2024-08-11 15:57:39,436 [database.py:register_table()] - Creating table job_totals...
2024-08-11 15:57:39,466 [history.py:migrate()] - Migrating history totals from moonraker namespace...
2024-08-11 15:57:39,510 [server.py:load_component()] - Component (history) loaded
2024-08-11 15:57:39,531 [server.py:load_component()] - Component (http_client) loaded
2024-08-11 15:57:39,567 [server.py:load_component()] - Component (announcements) loaded
2024-08-11 15:57:39,591 [server.py:load_component()] - Component (webcam) loaded
2024-08-11 15:57:39,603 [server.py:load_component()] - Component (extensions) loaded
2024-08-11 15:57:39,622 [server.py:load_component()] - Component (octoprint_compat) loaded
2024-08-11 15:57:39,866 [base_deploy.py:log_info()] - Git Repo moonraker: Detected virtualenv: /home/nozzle/moonraker-env
2024-08-11 15:57:39,871 [base_deploy.py:log_info()] - Git Repo klipper: Detected virtualenv: /home/nozzle/klippy-env
2024-08-11 15:57:39,882 [server.py:load_component()] - Component (update_manager) loaded
2024-08-11 15:57:39,883 [server.py:_initialize_component()] - Performing Component Post Init: [database]
2024-08-11 15:57:39,912 [server.py:_initialize_component()] - Performing Component Post Init: [dbus_manager]
2024-08-11 15:57:39,928 [server.py:_initialize_component()] - Performing Component Post Init: [file_manager]
2024-08-11 15:57:39,929 [server.py:_initialize_component()] - Performing Component Post Init: [authorization]
2024-08-11 15:57:39,932 [server.py:_initialize_component()] - Performing Component Post Init: [machine]
2024-08-11 15:57:39,935 [machine.py:update_usb_ids()] - Fetching latest usb.ids file...
2024-08-11 15:57:39,953 [machine.py:validation_init()] - Installation version in database up to date
2024-08-11 15:57:40,375 [machine.py:check_virt_status()] - No Virtualization Detected
2024-08-11 15:57:40,395 [machine.py:_find_public_ip()] - Detected Local IP: 192.168.1.6
2024-08-11 15:57:40,399 [webcam.py:_set_default_host_ip()] - Default public webcam address set: http://192.168.1.6
2024-08-11 15:57:40,451 [machine.py:extract_service_info()] - Detected alternate unit name for moonraker: moonraker-hange.service
2024-08-11 15:57:40,491 [server.py:add_log_rollover_item()] - 
Systemd unit moonraker-hange.service:
unit_name: moonraker-hange.service
is_default: False
manager: systemd
Properties:
**Requires=['sysinit.target', '-.mount', 'system.slice', 'network-online.target']
**After=['-.mount', 'basic.target', 'sysinit.target', 'systemd-journald.socket', 'system.slice', 'network-online.target']
**SupplementaryGroups=['moonraker-admin']
**EnvironmentFiles=/home/nozzle/hange_data/systemd/moonraker.env
**ExecStart=/home/nozzle/moonraker-env/bin/python $MOONRAKER_ARGS
**WorkingDirectory=/home/nozzle/moonraker
**FragmentPath=/etc/systemd/system/moonraker-hange.service
**Description=API Server for Klipper SV1 hange
**User=nozzle
2024-08-11 15:57:40,491 [server.py:_initialize_component()] - Performing Component Post Init: [proc_stats]
2024-08-11 15:57:40,492 [server.py:_initialize_component()] - Performing Component Post Init: [history]
2024-08-11 15:57:40,503 [server.py:_initialize_component()] - Performing Component Post Init: [announcements]
2024-08-11 15:57:40,512 [server.py:_initialize_component()] - Performing Component Post Init: [webcam]
2024-08-11 15:57:40,512 [webcam.py:_set_default_host_ip()] - Default public webcam address set: http://192.168.1.6
2024-08-11 15:57:40,532 [server.py:_initialize_component()] - Performing Component Post Init: [klippy_connection]
2024-08-11 15:57:40,533 [server.py:_initialize_component()] - Performing Component Post Init: [update_manager]
2024-08-11 15:57:40,544 [server.py:add_log_rollover_item()] - Multiple instances of Moonraker have the update manager enabled.
moonraker-mikasa:89df884c36f140d6bc07d8120f6b0551:7781
moonraker-hange:f4d2f154f7c54081a500c661a1244a3c:7766
2024-08-11 15:57:40,600 [base_deploy.py:log_info()] - PackageDeploy: PackageKit Provider Configured
2024-08-11 15:57:40,611 [confighelper.py:create_backup()] - Backing up last working configuration to '/home/nozzle/hange_data/config/.moonraker.conf.bkp'
2024-08-11 15:57:40,620 [extensions.py:start_unix_server()] - Creating Unix Domain Socket at '/home/nozzle/hange_data/comms/moonraker.sock'
2024-08-11 15:57:40,625 [server.py:start_server()] - Starting Moonraker on (0.0.0.0, 7125), Hostname: printfarm
2024-08-11 15:57:40,627 [application.py:listen()] - SSL Certificate/Key not configured, aborting HTTPS Server startup
2024-08-11 15:57:40,887 [klippy_connection.py:_do_connect()] - Klippy Connection Established
2024-08-11 15:57:40,952 [machine.py:extract_service_info()] - Detected alternate unit name for klipper: klipper-hange.service
2024-08-11 15:57:40,978 [machine.py:update_usb_ids()] - Writing usb.ids file...
2024-08-11 15:57:40,991 [server.py:add_log_rollover_item()] - 
Systemd unit klipper-hange.service:
unit_name: klipper-hange.service
is_default: False
manager: systemd
Properties:
**Requires=['system.slice', '-.mount', 'sysinit.target']
**After=['systemd-journald.socket', '-.mount', 'basic.target', 'sysinit.target', 'network-online.target', 'system.slice']
**SupplementaryGroups=[]
**EnvironmentFiles=/home/nozzle/hange_data/systemd/klipper.env
**ExecStart=/home/nozzle/klippy-env/bin/python $KLIPPER_ARGS
**WorkingDirectory=/home/nozzle/klipper
**FragmentPath=/etc/systemd/system/klipper-hange.service
**Description=Klipper 3D Printer Firmware SV1
**User=nozzle
2024-08-11 15:57:41,245 [server.py:add_log_rollover_item()] - Klipper Version: v0.12.0-276-gca815f52
2024-08-11 15:57:43,748 [base_deploy.py:log_info()] - PackageKit: Detected 52 package updates:
base-files
bind9-host
bind9-libs
distro-info-data
dns-root-data
ffmpeg
gir1.2-gdkpixbuf-2.0
hostapd
libavcodec58
libavdevice58
libavfilter7
libavformat58
libavresample4
libavutil56
libcurl3-gnutls
libgdk-pixbuf-2.0-0
libgdk-pixbuf2.0-bin
libgdk-pixbuf2.0-common
libglib2.0-0
libglib2.0-bin
libglib2.0-data
libglib2.0-dev
libglib2.0-dev-bin
libgnutls30
libgssapi-krb5-2
libimlib2
libk5crypto3
libkrb5-3
libkrb5support0
libpam-systemd
libpostproc55
libqt5core5a
libqt5dbus5
libqt5gui5
libqt5network5
libqt5printsupport5
libqt5widgets5
libssh2-1
libswresample3
libswscale5
libsystemd-dev
libsystemd0
libudev1
libvpx6
nano
python3-idna
qt5-gtk-platformtheme
systemd
systemd-sysv
systemd-timesyncd
udev
wpasupplicant
2024-08-11 15:57:43,777 [shell_command.py:_check_proc_success()] - Command (git -C /home/nozzle/moonraker status --porcelain -b) successfully finished
2024-08-11 15:57:43,799 [shell_command.py:_check_proc_success()] - Command (git -C /home/nozzle/moonraker branch --list --no-color) successfully finished
2024-08-11 15:57:43,842 [shell_command.py:_check_proc_success()] - Command (git -C /home/nozzle/moonraker remote get-url origin) successfully finished
2024-08-11 15:57:44,279 [shell_command.py:_check_proc_success()] - Command (git -C /home/nozzle/moonraker fetch origin --prune --progress) successfully finished
2024-08-11 15:57:44,296 [shell_command.py:_check_proc_success()] - Command (git -C /home/nozzle/moonraker merge-base --is-ancestor HEAD origin/master) successfully finished
2024-08-11 15:57:44,314 [shell_command.py:_check_proc_success()] - Command (git -C /home/nozzle/moonraker rev-parse HEAD) successfully finished
2024-08-11 15:57:44,336 [shell_command.py:_check_proc_success()] - Command (git -C /home/nozzle/moonraker describe --always --tags --long --dirty --abbrev=8) successfully finished
2024-08-11 15:57:44,353 [shell_command.py:_check_proc_success()] - Command (git -C /home/nozzle/moonraker rev-parse origin/master) successfully finished
2024-08-11 15:57:44,372 [shell_command.py:_check_proc_success()] - Command (git -C /home/nozzle/moonraker describe origin/master --always --tags --long --abbrev=8) successfully finished
2024-08-11 15:57:44,389 [shell_command.py:_check_proc_success()] - Command (git -C /home/nozzle/moonraker rev-list HEAD..f735c0419444848b59342a98ad3532eef123ea46 --count) successfully finished
2024-08-11 15:57:44,391 [git_deploy.py:log_repo_info()] - Git Repo moonraker Detected:
Owner: Arksine
Repository Name: moonraker
Path: /home/nozzle/moonraker
Remote: origin
Branch: master
Remote URL: https://github.com/Arksine/moonraker.git
Recovery URL: https://github.com/Arksine/moonraker.git
Current Commit SHA: f735c0419444848b59342a98ad3532eef123ea46
Upstream Commit SHA: f735c0419444848b59342a98ad3532eef123ea46
Current Version: v0.9.2-6-gf735c041
Upstream Version: v0.9.2-6-gf735c041
Rollback Commit: f735c0419444848b59342a98ad3532eef123ea46
Rollback Branch: master
Rollback Version: v0.9.2-6-gf735c041
Is Dirty: False
Is Detached: False
Is Shallow: False
Commits Behind Count: 0
Diverged: False
Pinned Commit: None
2024-08-11 15:57:44,391 [base_deploy.py:log_info()] - Git Repo moonraker: Channel: dev
2024-08-11 15:57:44,391 [base_deploy.py:log_info()] - Git Repo moonraker: Validity check for git repo passed
2024-08-11 15:57:44,434 [shell_command.py:_check_proc_success()] - Command (git -C /home/nozzle/klipper status --porcelain -b) successfully finished
2024-08-11 15:57:44,452 [shell_command.py:_check_proc_success()] - Command (git -C /home/nozzle/klipper branch --list --no-color) successfully finished
2024-08-11 15:57:44,483 [shell_command.py:_check_proc_success()] - Command (git -C /home/nozzle/klipper remote get-url origin) successfully finished
2024-08-11 15:57:44,857 [shell_command.py:_check_proc_success()] - Command (git -C /home/nozzle/klipper fetch origin --prune --progress) successfully finished
2024-08-11 15:57:44,873 [shell_command.py:_check_proc_success()] - Command (git -C /home/nozzle/klipper merge-base --is-ancestor HEAD origin/master) successfully finished
2024-08-11 15:57:44,889 [shell_command.py:_check_proc_success()] - Command (git -C /home/nozzle/klipper rev-parse HEAD) successfully finished
2024-08-11 15:57:45,014 [shell_command.py:_check_proc_success()] - Command (git -C /home/nozzle/klipper describe --always --tags --long --dirty --abbrev=8) successfully finished
2024-08-11 15:57:45,031 [shell_command.py:_check_proc_success()] - Command (git -C /home/nozzle/klipper rev-parse origin/master) successfully finished
2024-08-11 15:57:45,148 [shell_command.py:_check_proc_success()] - Command (git -C /home/nozzle/klipper describe origin/master --always --tags --long --abbrev=8) successfully finished
2024-08-11 15:57:45,165 [shell_command.py:_check_proc_success()] - Command (git -C /home/nozzle/klipper rev-list HEAD..ca815f52c8420225f93f90698768a5c4714654a9 --count) successfully finished
2024-08-11 15:57:45,166 [git_deploy.py:log_repo_info()] - Git Repo klipper Detected:
Owner: Klipper3d
Repository Name: klipper
Path: /home/nozzle/klipper
Remote: origin
Branch: master
Remote URL: https://github.com/Klipper3d/klipper
Recovery URL: https://github.com/Klipper3d/klipper
Current Commit SHA: ca815f52c8420225f93f90698768a5c4714654a9
Upstream Commit SHA: ca815f52c8420225f93f90698768a5c4714654a9
Current Version: v0.12.0-276-gca815f52
Upstream Version: v0.12.0-276-gca815f52
Rollback Commit: ca815f52c8420225f93f90698768a5c4714654a9
Rollback Branch: master
Rollback Version: v0.12.0-276-gca815f52
Is Dirty: False
Is Detached: False
Is Shallow: False
Commits Behind Count: 0
Diverged: False
Pinned Commit: None
2024-08-11 15:57:45,167 [base_deploy.py:log_info()] - Git Repo klipper: Channel: dev
2024-08-11 15:57:45,167 [base_deploy.py:log_info()] - Git Repo klipper: Validity check for git repo passed
2024-08-11 15:57:50,372 [klippy_connection.py:_request_initial_subscriptions()] - Webhooks Subscribed
2024-08-11 15:57:50,374 [klippy_connection.py:_request_initial_subscriptions()] - GCode Output Subscribed
2024-08-11 15:57:50,377 [klippy_connection.py:_check_ready()] - 
mcu 'mcu': Unable to connect
Once the underlying issue is corrected, use the
"FIRMWARE_RESTART" command to reset the firmware, reload the
config, and restart the host software.
Error configuring printer

2024-08-11 15:58:25,783 [authorization.py:_check_trusted_connection()] - Trusted Connection Detected, IP: 127.0.0.1
2024-08-11 15:58:25,784 [application.py:log_request()] - 101 GET /websocket (127.0.0.1) [_TRUSTED_USER_] 3.45ms
2024-08-11 15:58:25,785 [websockets.py:open()] - Websocket Opened: ID: 3011588712, Proxied: False, User Agent: Python/3.9 websockets/10.1, Host Name: 127.0.0.1
2024-08-11 15:58:27,904 [application.py:log_request()] - 101 GET /websocket?token= (127.0.0.1) [_TRUSTED_USER_] 10.12ms
2024-08-11 15:58:27,905 [websockets.py:open()] - Websocket Opened: ID: 3011592616, Proxied: False, User Agent: , Host Name: 127.0.0.1
2024-08-11 15:58:27,978 [websockets.py:_handle_identify()] - Websocket 3011592616 Client Identified - Name: KlipperScreen, Version: v0.4.3-49-g8e915764, Type: display
2024-08-11 15:58:35,090 [websockets.py:on_close()] - Websocket Closed: ID: 3011588712 Close Code: None, Close Reason: None, Pong Time Elapsed: 9.31
2024-08-11 15:58:36,802 [application.py:log_request()] - 101 GET /websocket (127.0.0.1) [_TRUSTED_USER_] 2.25ms
2024-08-11 15:58:36,803 [websockets.py:open()] - Websocket Opened: ID: 3011592400, Proxied: False, User Agent: Python/3.9 websockets/10.1, Host Name: 127.0.0.1
2024-08-11 16:00:00,692 [machine.py:_find_public_ip()] - Detected Local IP: 192.168.1.6
2024-08-11 16:00:10,712 [machine.py:_find_public_ip()] - Detected Local IP: 192.168.1.6
2024-08-11 16:00:12,019 [authorization.py:_check_trusted_connection()] - Trusted Connection Detected, IP: 192.168.1.114
2024-08-11 16:00:12,028 [application.py:log_request()] - 404 GET /server/database/item?namespace=fluidd (192.168.1.114) [_TRUSTED_USER_] 10.35ms
2024-08-11 16:00:12,185 [application.py:log_request()] - 101 GET /websocket?token=JIIQOFKFCU2FPVV3J57VZT6AFUDGGANC (192.168.1.114) [_TRUSTED_USER_] 1.91ms
2024-08-11 16:00:12,186 [websockets.py:open()] - Websocket Opened: ID: 3011715760, Proxied: False, User Agent: Mozilla/5.0 (Macintosh; Intel Mac OS X 10_15_7) AppleWebKit/537.36 (KHTML, like Gecko) Chrome/127.0.0.0 Safari/537.36, Host Name: printfarm.local
2024-08-11 16:00:12,192 [websockets.py:_handle_identify()] - Websocket 3011715760 Client Identified - Name: fluidd, Version: 1.30.1-62fe404, Type: web
2024-08-11 16:00:12,193 [file_manager.py:get_file_list()] - Updating File List <config>...
2024-08-11 16:00:17,360 [klippy_connection.py:close()] - Error closing Klippy Unix Socket
Traceback (most recent call last):
  File "/home/nozzle/moonraker/moonraker/components/klippy_connection.py", line 802, in close
    await self.writer.wait_closed()
  File "/usr/lib/python3.9/asyncio/streams.py", line 359, in wait_closed
    await self._protocol._get_close_waiter(self)
  File "/home/nozzle/moonraker/moonraker/components/klippy_connection.py", line 191, in _read_stream
    data = await reader.readuntil(b'\x03')
  File "/usr/lib/python3.9/asyncio/streams.py", line 632, in readuntil
    await self._wait_for_data('readuntil')
  File "/usr/lib/python3.9/asyncio/streams.py", line 517, in _wait_for_data
    await self._waiter
  File "/usr/lib/python3.9/asyncio/selector_events.py", line 856, in _read_ready__data_received
    data = self._sock.recv(self.max_size)
ConnectionResetError: [Errno 104] Connection reset by peer
2024-08-11 16:00:17,360 [klippy_connection.py:_on_connection_closed()] - Klippy Connection Removed
2024-08-11 16:00:17,362 [common.py:build_error()] - JSON-RPC Request Error - Requested Method: printer.info, Code: 503, Message: Klippy Disconnected
2024-08-11 16:00:17,375 [common.py:build_error()] - JSON-RPC Request Error - Requested Method: printer.info, Code: 503, Message: Klippy Host not connected
2024-08-11 16:00:17,866 [klippy_connection.py:_do_connect()] - Klippy Connection Established
2024-08-11 16:00:17,918 [machine.py:extract_service_info()] - Detected alternate unit name for klipper: klipper-hange.service
2024-08-11 16:00:17,953 [server.py:add_log_rollover_item()] - 
Systemd unit klipper-hange.service:
unit_name: klipper-hange.service
is_default: False
manager: systemd
Properties:
**Requires=['system.slice', '-.mount', 'sysinit.target']
**After=['network-online.target', '-.mount', 'systemd-journald.socket', 'system.slice', 'sysinit.target', 'basic.target']
**SupplementaryGroups=[]
**EnvironmentFiles=/home/nozzle/hange_data/systemd/klipper.env
**ExecStart=/home/nozzle/klippy-env/bin/python $KLIPPER_ARGS
**WorkingDirectory=/home/nozzle/klipper
**FragmentPath=/etc/systemd/system/klipper-hange.service
**Description=Klipper 3D Printer Firmware SV1
**User=nozzle
2024-08-11 16:01:40,816 [machine.py:_find_public_ip()] - Detected Local IP: 192.168.1.6
2024-08-11 16:01:48,300 [klippy_connection.py:_request_initial_subscriptions()] - Webhooks Subscribed
2024-08-11 16:01:48,301 [klippy_connection.py:_request_initial_subscriptions()] - GCode Output Subscribed
2024-08-11 16:01:48,304 [klippy_connection.py:_check_ready()] - 
mcu 'mcu': Unable to connect
Once the underlying issue is corrected, use the
"FIRMWARE_RESTART" command to reset the firmware, reload the
config, and restart the host software.
Error configuring printer

2024-08-11 16:01:50,835 [machine.py:_find_public_ip()] - Detected Local IP: 192.168.1.6
2024-08-11 16:04:22,684 [websockets.py:on_close()] - Websocket Closed: ID: 3011715760 Close Code: None, Close Reason: None, Pong Time Elapsed: 0.49
2024-08-11 16:05:19,497 [application.py:log_request()] - 101 GET /websocket?token=OPRVFSH7ICSQZNCHXFBMQWP26F3DT42Z (192.168.1.114) [_TRUSTED_USER_] 2.54ms
2024-08-11 16:05:19,498 [websockets.py:open()] - Websocket Opened: ID: 3011716360, Proxied: False, User Agent: Mozilla/5.0 (Macintosh; Intel Mac OS X 10_15_7) AppleWebKit/537.36 (KHTML, like Gecko) Chrome/127.0.0.0 Safari/537.36, Host Name: printfarm.local
2024-08-11 16:05:19,508 [websockets.py:_handle_identify()] - Websocket 3011716360 Client Identified - Name: fluidd, Version: 1.30.1-62fe404, Type: web
2024-08-11 16:05:19,508 [file_manager.py:get_file_list()] - Updating File List <config>...
2024-08-11 16:05:23,734 [klippy_connection.py:_on_connection_closed()] - Klippy Connection Removed
2024-08-11 16:05:23,759 [common.py:build_error()] - JSON-RPC Request Error - Requested Method: printer.info, Code: 503, Message: Klippy Host not connected
2024-08-11 16:05:23,990 [klippy_connection.py:_do_connect()] - Klippy Connection Established
2024-08-11 16:05:24,034 [machine.py:extract_service_info()] - Detected alternate unit name for klipper: klipper-hange.service
2024-08-11 16:06:54,058 [klippy_connection.py:_request_initial_subscriptions()] - Webhooks Subscribed
2024-08-11 16:06:54,061 [klippy_connection.py:_request_initial_subscriptions()] - GCode Output Subscribed
2024-08-11 16:06:54,064 [klippy_connection.py:_check_ready()] - 
mcu 'mcu': Unable to connect
Once the underlying issue is corrected, use the
"FIRMWARE_RESTART" command to reset the firmware, reload the
config, and restart the host software.
Error configuring printer

2024-08-11 16:08:41,312 [machine.py:_find_public_ip()] - Detected Local IP: 192.168.1.6
2024-08-11 16:09:25,911 [shell_command.py:pipe_data_received()] - INFO:metadata:Object Processing is disabled

2024-08-11 16:09:26,089 [shell_command.py:_check_proc_success()] - Command (/home/nozzle/moonraker-env/bin/python /home/nozzle/moonraker/moonraker/components/file_manager/metadata.py -p /home/nozzle/hange_data/gcodes -f "Fidget Triangle Puzzle_0.15mm_PLA_MK3S_2h33m.gcode") successfully finished
2024-08-11 16:09:26,588 [shell_command.py:pipe_data_received()] - INFO:metadata:Object Processing is disabled

2024-08-11 16:09:27,910 [shell_command.py:_check_proc_success()] - Command (/home/nozzle/moonraker-env/bin/python /home/nozzle/moonraker/moonraker/components/file_manager/metadata.py -p /home/nozzle/hange_data/gcodes -f "Disc_PLA_6m58s.gcode") successfully finished
2024-08-11 16:09:28,390 [shell_command.py:pipe_data_received()] - INFO:metadata:Object Processing is disabled

2024-08-11 16:09:28,444 [shell_command.py:_check_proc_success()] - Command (/home/nozzle/moonraker-env/bin/python /home/nozzle/moonraker/moonraker/components/file_manager/metadata.py -p /home/nozzle/hange_data/gcodes -f "Fidget Triangle Puzzle_0.15mm_PLA_MK3S_48m.gcode") successfully finished
2024-08-11 16:09:29,095 [shell_command.py:pipe_data_received()] - INFO:metadata:Object Processing is disabled

2024-08-11 16:09:29,192 [shell_command.py:_check_proc_success()] - Command (/home/nozzle/moonraker-env/bin/python /home/nozzle/moonraker/moonraker/components/file_manager/metadata.py -p /home/nozzle/hange_data/gcodes -f "Fidget Triangle Puzzle_0.15mm_PLA_MK3S_2h43m.gcode") successfully finished
2024-08-11 16:09:29,441 [shell_command.py:pipe_data_received()] - INFO:metadata:Object Processing is disabled

2024-08-11 16:09:29,535 [shell_command.py:_check_proc_success()] - Command (/home/nozzle/moonraker-env/bin/python /home/nozzle/moonraker/moonraker/components/file_manager/metadata.py -p /home/nozzle/hange_data/gcodes -f "flowrate_0_PLA_49m11s.gcode") successfully finished
2024-08-11 16:09:29,780 [shell_command.py:pipe_data_received()] - INFO:metadata:Object Processing is disabled

2024-08-11 16:09:32,677 [shell_command.py:_check_proc_success()] - Command (/home/nozzle/moonraker-env/bin/python /home/nozzle/moonraker/moonraker/components/file_manager/metadata.py -p /home/nozzle/hange_data/gcodes -f "i3 MK3 calibration_PLA_11m57s.gcode") successfully finished
2024-08-11 16:09:32,934 [shell_command.py:pipe_data_received()] - INFO:metadata:Object Processing is disabled

2024-08-11 16:09:33,065 [shell_command.py:_check_proc_success()] - Command (/home/nozzle/moonraker-env/bin/python /home/nozzle/moonraker/moonraker/components/file_manager/metadata.py -p /home/nozzle/hange_data/gcodes -f "second_part_PLA_52m39s.gcode") successfully finished
2024-08-11 16:09:33,322 [shell_command.py:pipe_data_received()] - INFO:metadata:Object Processing is disabled

2024-08-11 16:09:33,424 [shell_command.py:_check_proc_success()] - Command (/home/nozzle/moonraker-env/bin/python /home/nozzle/moonraker/moonraker/components/file_manager/metadata.py -p /home/nozzle/hange_data/gcodes -f "Gridfinity Window Divider Bin top - no tape obj no glue_PLA_25m47s.gcode") successfully finished
2024-08-11 16:09:33,672 [shell_command.py:pipe_data_received()] - INFO:metadata:Object Processing is disabled

2024-08-11 16:09:34,888 [shell_command.py:_check_proc_success()] - Command (/home/nozzle/moonraker-env/bin/python /home/nozzle/moonraker/moonraker/components/file_manager/metadata.py -p /home/nozzle/hange_data/gcodes -f "Mini Multiboard Accessories v5_0.28mm_PLA_Generic Klipper Printer_6h23m.gcode") successfully finished
2024-08-11 16:09:35,163 [shell_command.py:pipe_data_received()] - INFO:metadata:Object Processing is disabled

2024-08-11 16:09:35,301 [shell_command.py:_check_proc_success()] - Command (/home/nozzle/moonraker-env/bin/python /home/nozzle/moonraker/moonraker/components/file_manager/metadata.py -p /home/nozzle/hange_data/gcodes -f "TRACK FINAL_0.2mm_PLA_Generic Klipper Printer_3h49m.gcode") successfully finished
2024-08-11 16:09:35,576 [shell_command.py:pipe_data_received()] - INFO:metadata:Object Processing is disabled

2024-08-11 16:09:35,678 [shell_command.py:_check_proc_success()] - Command (/home/nozzle/moonraker-env/bin/python /home/nozzle/moonraker/moonraker/components/file_manager/metadata.py -p /home/nozzle/hange_data/gcodes -f "flowrate_0_0.2mm_PLA_Generic Klipper Printer_27m13s.gcode") successfully finished
2024-08-11 16:09:35,939 [shell_command.py:pipe_data_received()] - INFO:metadata:Object Processing is disabled

2024-08-11 16:09:36,064 [shell_command.py:_check_proc_success()] - Command (/home/nozzle/moonraker-env/bin/python /home/nozzle/moonraker/moonraker/components/file_manager/metadata.py -p /home/nozzle/hange_data/gcodes -f "TRACK FINAL_0.2mm_PLA_Generic Klipper Printer_4h4m.gcode") successfully finished
2024-08-11 16:09:36,308 [shell_command.py:pipe_data_received()] - INFO:metadata:Object Processing is disabled

2024-08-11 16:09:36,440 [shell_command.py:_check_proc_success()] - Command (/home/nozzle/moonraker-env/bin/python /home/nozzle/moonraker/moonraker/components/file_manager/metadata.py -p /home/nozzle/hange_data/gcodes -f "TRACK FINAL_0.2mm_PLA_Generic Klipper Printer_7h9m.gcode") successfully finished
2024-08-11 16:09:36,706 [shell_command.py:pipe_data_received()] - INFO:metadata:Object Processing is disabled

2024-08-11 16:09:36,843 [shell_command.py:_check_proc_success()] - Command (/home/nozzle/moonraker-env/bin/python /home/nozzle/moonraker/moonraker/components/file_manager/metadata.py -p /home/nozzle/hange_data/gcodes -f "SPRING FINAL_0.2mm_PLA_Generic Klipper Printer_5h2m.gcode") successfully finished
2024-08-11 16:09:37,099 [shell_command.py:pipe_data_received()] - INFO:metadata:Object Processing is disabled

2024-08-11 16:09:37,375 [shell_command.py:_check_proc_success()] - Command (/home/nozzle/moonraker-env/bin/python /home/nozzle/moonraker/moonraker/components/file_manager/metadata.py -p /home/nozzle/hange_data/gcodes -f "pipfrd_mkii_v1516_normal_224mm_PLA_41m59s.gcode") successfully finished
2024-08-11 16:09:37,729 [shell_command.py:pipe_data_received()] - INFO:metadata:Object Processing is disabled

2024-08-11 16:09:41,782 [shell_command.py:_check_proc_success()] - Command (/home/nozzle/moonraker-env/bin/python /home/nozzle/moonraker/moonraker/components/file_manager/metadata.py -p /home/nozzle/hange_data/gcodes -f "6x6 Multiboard Core Tile x4 Stack_PLA_1d4h39m.gcode") successfully finished
2024-08-11 16:09:42,059 [shell_command.py:pipe_data_received()] - INFO:metadata:Object Processing is disabled

2024-08-11 16:09:42,193 [shell_command.py:_check_proc_success()] - Command (/home/nozzle/moonraker-env/bin/python /home/nozzle/moonraker/moonraker/components/file_manager/metadata.py -p /home/nozzle/hange_data/gcodes -f "pipfr_V10_normal_21.3_PLA_30m17s.gcode") successfully finished
2024-08-11 16:09:42,428 [shell_command.py:pipe_data_received()] - INFO:metadata:Object Processing is disabled

2024-08-11 16:09:42,518 [shell_command.py:_check_proc_success()] - Command (/home/nozzle/moonraker-env/bin/python /home/nozzle/moonraker/moonraker/components/file_manager/metadata.py -p /home/nozzle/hange_data/gcodes -f "flowrate_0_PLA_1h42m.gcode") successfully finished
2024-08-11 16:09:42,758 [shell_command.py:pipe_data_received()] - INFO:metadata:Object Processing is disabled

2024-08-11 16:09:42,858 [shell_command.py:_check_proc_success()] - Command (/home/nozzle/moonraker-env/bin/python /home/nozzle/moonraker/moonraker/components/file_manager/metadata.py -p /home/nozzle/hange_data/gcodes -f "flowrate_0_PLA_1h44m.gcode") successfully finished
2024-08-11 16:09:43,104 [shell_command.py:pipe_data_received()] - INFO:metadata:Object Processing is disabled

2024-08-11 16:09:43,231 [shell_command.py:_check_proc_success()] - Command (/home/nozzle/moonraker-env/bin/python /home/nozzle/moonraker/moonraker/components/file_manager/metadata.py -p /home/nozzle/hange_data/gcodes -f "4x5 Angle Bracket Flat Right_PLA_1h48m.gcode") successfully finished
2024-08-11 16:09:43,476 [shell_command.py:pipe_data_received()] - INFO:metadata:Object Processing is disabled

2024-08-11 16:09:43,591 [shell_command.py:_check_proc_success()] - Command (/home/nozzle/moonraker-env/bin/python /home/nozzle/moonraker/moonraker/components/file_manager/metadata.py -p /home/nozzle/hange_data/gcodes -f "piptfr_v14_234_PLA_9m26s.gcode") successfully finished
2024-08-11 16:09:43,889 [shell_command.py:pipe_data_received()] - INFO:metadata:Object Processing is disabled

2024-08-11 16:09:44,041 [shell_command.py:_check_proc_success()] - Command (/home/nozzle/moonraker-env/bin/python /home/nozzle/moonraker/moonraker/components/file_manager/metadata.py -p /home/nozzle/hange_data/gcodes -f "TRACK FINAL_0.2mm_PLA_Generic Klipper Printer_3h51m.gcode") successfully finished
2024-08-11 16:09:44,293 [shell_command.py:pipe_data_received()] - INFO:metadata:Object Processing is disabled

2024-08-11 16:09:44,727 [shell_command.py:_check_proc_success()] - Command (/home/nozzle/moonraker-env/bin/python /home/nozzle/moonraker/moonraker/components/file_manager/metadata.py -p /home/nozzle/hange_data/gcodes -f "flowrate_0_PLA_54m30s.gcode") successfully finished
2024-08-11 16:09:44,973 [shell_command.py:pipe_data_received()] - INFO:metadata:Object Processing is disabled

2024-08-11 16:09:45,066 [shell_command.py:_check_proc_success()] - Command (/home/nozzle/moonraker-env/bin/python /home/nozzle/moonraker/moonraker/components/file_manager/metadata.py -p /home/nozzle/hange_data/gcodes -f "piptfr_v14_234_PLA_9m27s.gcode") successfully finished
2024-08-11 16:09:45,302 [shell_command.py:pipe_data_received()] - INFO:metadata:Object Processing is disabled

2024-08-11 16:09:45,423 [shell_command.py:_check_proc_success()] - Command (/home/nozzle/moonraker-env/bin/python /home/nozzle/moonraker/moonraker/components/file_manager/metadata.py -p /home/nozzle/hange_data/gcodes -f "4x5 Angle Bracket Flat Left_PLA_1h46m.gcode") successfully finished
2024-08-11 16:09:45,675 [shell_command.py:pipe_data_received()] - INFO:metadata:Object Processing is disabled

2024-08-11 16:09:45,809 [shell_command.py:_check_proc_success()] - Command (/home/nozzle/moonraker-env/bin/python /home/nozzle/moonraker/moonraker/components/file_manager/metadata.py -p /home/nozzle/hange_data/gcodes -f "Gridfinity Window Divider Bin top - no tape obj no glue_PLA_3h16m.gcode") successfully finished
2024-08-11 16:09:47,408 [shell_command.py:pipe_data_received()] - INFO:metadata:Object Processing is disabled

2024-08-11 16:09:47,534 [shell_command.py:_check_proc_success()] - Command (/home/nozzle/moonraker-env/bin/python /home/nozzle/moonraker/moonraker/components/file_manager/metadata.py -p /home/nozzle/hange_data/gcodes -f "6x6 Multiboard Side Tile x4 Stack_PLA_1d0h55m.gcode") successfully finished
2024-08-11 16:09:47,778 [shell_command.py:pipe_data_received()] - INFO:metadata:Object Processing is disabled

2024-08-11 16:09:47,834 [shell_command.py:_check_proc_success()] - Command (/home/nozzle/moonraker-env/bin/python /home/nozzle/moonraker/moonraker/components/file_manager/metadata.py -p /home/nozzle/hange_data/gcodes -f "Flow calibration_0.15mm_PLA_MK3S_22m.gcode") successfully finished
2024-08-11 16:09:49,109 [shell_command.py:pipe_data_received()] - INFO:metadata:Object Processing is disabled

2024-08-11 16:09:49,238 [shell_command.py:_check_proc_success()] - Command (/home/nozzle/moonraker-env/bin/python /home/nozzle/moonraker/moonraker/components/file_manager/metadata.py -p /home/nozzle/hange_data/gcodes -f "Bin Lid - 6x2 - 2 Compartment_PLA_3h15m.gcode") successfully finished
2024-08-11 16:09:49,502 [shell_command.py:pipe_data_received()] - INFO:metadata:Object Processing is disabled

2024-08-11 16:09:49,616 [shell_command.py:_check_proc_success()] - Command (/home/nozzle/moonraker-env/bin/python /home/nozzle/moonraker/moonraker/components/file_manager/metadata.py -p /home/nozzle/hange_data/gcodes -f "glue up jig - base_PLA_33m45s.gcode") successfully finished
2024-08-11 16:09:49,869 [shell_command.py:pipe_data_received()] - INFO:metadata:Object Processing is disabled

2024-08-11 16:09:50,372 [shell_command.py:_check_proc_success()] - Command (/home/nozzle/moonraker-env/bin/python /home/nozzle/moonraker/moonraker/components/file_manager/metadata.py -p /home/nozzle/hange_data/gcodes -f "Bottom Joy Fidget_PLA_1h8m.gcode") successfully finished
2024-08-11 16:09:50,637 [shell_command.py:pipe_data_received()] - INFO:metadata:Object Processing is disabled

2024-08-11 16:09:50,754 [shell_command.py:_check_proc_success()] - Command (/home/nozzle/moonraker-env/bin/python /home/nozzle/moonraker/moonraker/components/file_manager/metadata.py -p /home/nozzle/hange_data/gcodes -f "Triangle Fidget - Shutter_PLA_1h11m.gcode") successfully finished
2024-08-11 16:09:50,987 [shell_command.py:pipe_data_received()] - INFO:metadata:Object Processing is disabled

2024-08-11 16:09:51,104 [shell_command.py:_check_proc_success()] - Command (/home/nozzle/moonraker-env/bin/python /home/nozzle/moonraker/moonraker/components/file_manager/metadata.py -p /home/nozzle/hange_data/gcodes -f "4x5 Angle Bracket Flat Left_PLA_1h45m.gcode") successfully finished
2024-08-11 16:09:51,368 [shell_command.py:pipe_data_received()] - INFO:metadata:Object Processing is disabled

2024-08-11 16:09:51,497 [shell_command.py:_check_proc_success()] - Command (/home/nozzle/moonraker-env/bin/python /home/nozzle/moonraker/moonraker/components/file_manager/metadata.py -p /home/nozzle/hange_data/gcodes -f "pipfr_V10_normal_21.6_PLA_30m21s.gcode") successfully finished
2024-08-11 16:09:51,767 [shell_command.py:pipe_data_received()] - INFO:metadata:Object Processing is disabled

2024-08-11 16:09:51,867 [shell_command.py:_check_proc_success()] - Command (/home/nozzle/moonraker-env/bin/python /home/nozzle/moonraker/moonraker/components/file_manager/metadata.py -p /home/nozzle/hange_data/gcodes -f "Histed_Remix_Arm_PLA_30m15s.gcode") successfully finished
2024-08-11 16:09:52,111 [shell_command.py:pipe_data_received()] - INFO:metadata:Object Processing is disabled

2024-08-11 16:09:52,353 [shell_command.py:_check_proc_success()] - Command (/home/nozzle/moonraker-env/bin/python /home/nozzle/moonraker/moonraker/components/file_manager/metadata.py -p /home/nozzle/hange_data/gcodes -f "Histed_Remix_Gauge_PLA_35m11s.gcode") successfully finished
2024-08-11 16:09:52,594 [shell_command.py:pipe_data_received()] - INFO:metadata:Object Processing is disabled

2024-08-11 16:09:52,677 [shell_command.py:_check_proc_success()] - Command (/home/nozzle/moonraker-env/bin/python /home/nozzle/moonraker/moonraker/components/file_manager/metadata.py -p /home/nozzle/hange_data/gcodes -f "i3 MK3 calibration_PLA_18m0s.gcode") successfully finished
2024-08-11 16:09:52,905 [shell_command.py:pipe_data_received()] - INFO:metadata:Object Processing is disabled

2024-08-11 16:09:53,030 [shell_command.py:_check_proc_success()] - Command (/home/nozzle/moonraker-env/bin/python /home/nozzle/moonraker/moonraker/components/file_manager/metadata.py -p /home/nozzle/hange_data/gcodes -f "pipfr_V10_normal_21.6_PLA_31m12s.gcode") successfully finished
2024-08-11 16:09:53,288 [shell_command.py:pipe_data_received()] - INFO:metadata:Object Processing is disabled

2024-08-11 16:09:53,405 [shell_command.py:_check_proc_success()] - Command (/home/nozzle/moonraker-env/bin/python /home/nozzle/moonraker/moonraker/components/file_manager/metadata.py -p /home/nozzle/hange_data/gcodes -f "Mini Multiboard Accessories v5_PLA_15h14m.gcode") successfully finished
2024-08-11 16:09:53,643 [shell_command.py:pipe_data_received()] - INFO:metadata:Object Processing is disabled

2024-08-11 16:09:53,760 [shell_command.py:_check_proc_success()] - Command (/home/nozzle/moonraker-env/bin/python /home/nozzle/moonraker/moonraker/components/file_manager/metadata.py -p /home/nozzle/hange_data/gcodes -f "piptfr_v14_237_PLA_18m54s.gcode") successfully finished
2024-08-11 16:09:53,985 [shell_command.py:pipe_data_received()] - INFO:metadata:Object Processing is disabled

2024-08-11 16:09:54,113 [shell_command.py:_check_proc_success()] - Command (/home/nozzle/moonraker-env/bin/python /home/nozzle/moonraker/moonraker/components/file_manager/metadata.py -p /home/nozzle/hange_data/gcodes -f "15.6_PLA_24m41s.gcode") successfully finished
2024-08-11 16:09:54,380 [shell_command.py:pipe_data_received()] - INFO:metadata:Object Processing is disabled

2024-08-11 16:09:54,509 [shell_command.py:_check_proc_success()] - Command (/home/nozzle/moonraker-env/bin/python /home/nozzle/moonraker/moonraker/components/file_manager/metadata.py -p /home/nozzle/hange_data/gcodes -f "17.7_PLA_27m27s.gcode") successfully finished
2024-08-11 16:09:54,759 [shell_command.py:pipe_data_received()] - INFO:metadata:Object Processing is disabled

2024-08-11 16:09:54,867 [shell_command.py:_check_proc_success()] - Command (/home/nozzle/moonraker-env/bin/python /home/nozzle/moonraker/moonraker/components/file_manager/metadata.py -p /home/nozzle/hange_data/gcodes -f "retraction_tower_PLA_0.8_8m27s.gcode") successfully finished
2024-08-11 16:09:55,120 [shell_command.py:pipe_data_received()] - INFO:metadata:Object Processing is disabled

2024-08-11 16:09:55,242 [shell_command.py:_check_proc_success()] - Command (/home/nozzle/moonraker-env/bin/python /home/nozzle/moonraker/moonraker/components/file_manager/metadata.py -p /home/nozzle/hange_data/gcodes -f "temperature_tower_0.2mm_PLA_Generic Klipper Printer_1h32m.gcode") successfully finished
2024-08-11 16:09:55,483 [shell_command.py:pipe_data_received()] - INFO:metadata:Object Processing is disabled

2024-08-11 16:09:55,558 [shell_command.py:_check_proc_success()] - Command (/home/nozzle/moonraker-env/bin/python /home/nozzle/moonraker/moonraker/components/file_manager/metadata.py -p /home/nozzle/hange_data/gcodes -f "pressure_advance_test_PLA_16m10s.gcode") successfully finished
2024-08-11 16:09:55,779 [shell_command.py:pipe_data_received()] - INFO:metadata:Object Processing is disabled

2024-08-11 16:09:55,898 [shell_command.py:_check_proc_success()] - Command (/home/nozzle/moonraker-env/bin/python /home/nozzle/moonraker/moonraker/components/file_manager/metadata.py -p /home/nozzle/hange_data/gcodes -f "temperature_tower_PLA_1h35m.gcode") successfully finished
2024-08-11 16:09:56,181 [shell_command.py:pipe_data_received()] - INFO:metadata:Object Processing is disabled

2024-08-11 16:09:56,323 [shell_command.py:_check_proc_success()] - Command (/home/nozzle/moonraker-env/bin/python /home/nozzle/moonraker/moonraker/components/file_manager/metadata.py -p /home/nozzle/hange_data/gcodes -f "6x6 Multiboard Corner Tile - x4 Multi-Material Stack_PLA_23h14m.gcode") successfully finished
2024-08-11 16:09:56,563 [shell_command.py:pipe_data_received()] - INFO:metadata:Object Processing is disabled

2024-08-11 16:09:56,675 [shell_command.py:_check_proc_success()] - Command (/home/nozzle/moonraker-env/bin/python /home/nozzle/moonraker/moonraker/components/file_manager/metadata.py -p /home/nozzle/hange_data/gcodes -f "Nylock_tool_PLA_51m38s.gcode") successfully finished
2024-08-11 16:09:56,906 [shell_command.py:pipe_data_received()] - INFO:metadata:Object Processing is disabled

2024-08-11 16:09:57,449 [shell_command.py:_check_proc_success()] - Command (/home/nozzle/moonraker-env/bin/python /home/nozzle/moonraker/moonraker/components/file_manager/metadata.py -p /home/nozzle/hange_data/gcodes -f "Gauge_STAG_PLA_44m54s.gcode") successfully finished
2024-08-11 16:10:00,238 [shell_command.py:pipe_data_received()] - INFO:metadata:Object Processing is disabled

2024-08-11 16:10:00,363 [shell_command.py:_check_proc_success()] - Command (/home/nozzle/moonraker-env/bin/python /home/nozzle/moonraker/moonraker/components/file_manager/metadata.py -p /home/nozzle/hange_data/gcodes -f "Vegta - Majin_PLA_13h28m.gcode") successfully finished
2024-08-11 16:10:00,620 [shell_command.py:pipe_data_received()] - INFO:metadata:Object Processing is disabled

2024-08-11 16:10:00,758 [shell_command.py:_check_proc_success()] - Command (/home/nozzle/moonraker-env/bin/python /home/nozzle/moonraker/moonraker/components/file_manager/metadata.py -p /home/nozzle/hange_data/gcodes -f "retraction_tower_PLA_0.8mm_34m39s.gcode") successfully finished
2024-08-11 16:10:01,000 [shell_command.py:pipe_data_received()] - INFO:metadata:Object Processing is disabled

2024-08-11 16:10:01,169 [shell_command.py:_check_proc_success()] - Command (/home/nozzle/moonraker-env/bin/python /home/nozzle/moonraker/moonraker/components/file_manager/metadata.py -p /home/nozzle/hange_data/gcodes -f "OrcaToleranceTest_PLA_0.8mm_16m38s.gcode") successfully finished
2024-08-11 16:10:01,413 [shell_command.py:pipe_data_received()] - INFO:metadata:Object Processing is disabled

2024-08-11 16:10:01,500 [shell_command.py:_check_proc_success()] - Command (/home/nozzle/moonraker-env/bin/python /home/nozzle/moonraker/moonraker/components/file_manager/metadata.py -p /home/nozzle/hange_data/gcodes -f "Temperature calibration_0.15mm_PLA_MK3S_51m.gcode") successfully finished
2024-08-11 16:10:01,728 [shell_command.py:pipe_data_received()] - INFO:metadata:Object Processing is disabled

2024-08-11 16:10:01,842 [shell_command.py:_check_proc_success()] - Command (/home/nozzle/moonraker-env/bin/python /home/nozzle/moonraker/moonraker/components/file_manager/metadata.py -p /home/nozzle/hange_data/gcodes -f "Part A's - 3x3 Board - Offset Snaps - Small Command Strip Mounting Pack_PLA_0.8mm_5h31m.gcode") successfully finished
2024-08-11 16:10:02,082 [shell_command.py:pipe_data_received()] - INFO:metadata:Object Processing is disabled

2024-08-11 16:10:02,159 [shell_command.py:_check_proc_success()] - Command (/home/nozzle/moonraker-env/bin/python /home/nozzle/moonraker/moonraker/components/file_manager/metadata.py -p /home/nozzle/hange_data/gcodes -f "fidget-triangle_0.15mm_PLA_MK3S_51m.gcode") successfully finished
2024-08-11 16:10:02,395 [shell_command.py:pipe_data_received()] - INFO:metadata:Object Processing is disabled

2024-08-11 16:10:02,442 [shell_command.py:_check_proc_success()] - Command (/home/nozzle/moonraker-env/bin/python /home/nozzle/moonraker/moonraker/components/file_manager/metadata.py -p /home/nozzle/hange_data/gcodes -f "3x3_cali_RL_0.15mm_PLA_MK3S_31m.gcode") successfully finished
2024-08-11 16:10:02,681 [shell_command.py:pipe_data_received()] - INFO:metadata:Object Processing is disabled

2024-08-11 16:10:02,729 [shell_command.py:_check_proc_success()] - Command (/home/nozzle/moonraker-env/bin/python /home/nozzle/moonraker/moonraker/components/file_manager/metadata.py -p /home/nozzle/hange_data/gcodes -f "First layer calibration_0.15mm_PLA_MK3S_6m.gcode") successfully finished
2024-08-11 16:10:02,982 [shell_command.py:pipe_data_received()] - INFO:metadata:Object Processing is disabled

2024-08-11 16:10:03,039 [shell_command.py:_check_proc_success()] - Command (/home/nozzle/moonraker-env/bin/python /home/nozzle/moonraker/moonraker/components/file_manager/metadata.py -p /home/nozzle/hange_data/gcodes -f "z-offset-test-discs_0.15mm_PLA_MK3S_17m.gcode") successfully finished
2024-08-11 16:10:03,315 [shell_command.py:pipe_data_received()] - INFO:metadata:Object Processing is disabled

2024-08-11 16:10:03,405 [shell_command.py:_check_proc_success()] - Command (/home/nozzle/moonraker-env/bin/python /home/nozzle/moonraker/moonraker/components/file_manager/metadata.py -p /home/nozzle/hange_data/gcodes -f "Fidget Triangle Puzzle_0.15mm_PLA_MK3S_51m.gcode") successfully finished
2024-08-11 16:10:03,658 [shell_command.py:pipe_data_received()] - INFO:metadata:Object Processing is disabled

2024-08-11 16:10:03,793 [shell_command.py:_check_proc_success()] - Command (/home/nozzle/moonraker-env/bin/python /home/nozzle/moonraker/moonraker/components/file_manager/metadata.py -p /home/nozzle/hange_data/gcodes -f "temperature_tower_0.2mm_PLA_Generic Klipper Printer_1h9m.gcode") successfully finished
2024-08-11 16:10:04,041 [shell_command.py:pipe_data_received()] - INFO:metadata:Object Processing is disabled

2024-08-11 16:10:04,168 [shell_command.py:_check_proc_success()] - Command (/home/nozzle/moonraker-env/bin/python /home/nozzle/moonraker/moonraker/components/file_manager/metadata.py -p /home/nozzle/hange_data/gcodes -f "temperature_tower_0.2mm_PLA_Generic Klipper Printer_1h11m.gcode") successfully finished
2024-08-11 16:10:04,407 [shell_command.py:pipe_data_received()] - INFO:metadata:Object Processing is disabled

2024-08-11 16:10:04,504 [shell_command.py:_check_proc_success()] - Command (/home/nozzle/moonraker-env/bin/python /home/nozzle/moonraker/moonraker/components/file_manager/metadata.py -p /home/nozzle/hange_data/gcodes -f "Retraction calibration_0.15mm_PLA_MK3S_35m.gcode") successfully finished
2024-08-11 16:10:04,746 [shell_command.py:pipe_data_received()] - INFO:metadata:Object Processing is disabled

2024-08-11 16:10:04,838 [shell_command.py:_check_proc_success()] - Command (/home/nozzle/moonraker-env/bin/python /home/nozzle/moonraker/moonraker/components/file_manager/metadata.py -p /home/nozzle/hange_data/gcodes -f "SKEW_100mm_0.3mm_PLA_Hange_2h59m.gcode") successfully finished
2024-08-11 16:10:05,099 [shell_command.py:pipe_data_received()] - INFO:metadata:Object Processing is disabled

2024-08-11 16:10:05,236 [shell_command.py:_check_proc_success()] - Command (/home/nozzle/moonraker-env/bin/python /home/nozzle/moonraker/moonraker/components/file_manager/metadata.py -p /home/nozzle/hange_data/gcodes -f "Mini Multiboard Accessories v5_PLA_16h14m.gcode") successfully finished
2024-08-11 16:10:05,896 [shell_command.py:pipe_data_received()] - INFO:metadata:Object Processing is disabled

2024-08-11 16:10:06,113 [shell_command.py:_check_proc_success()] - Command (/home/nozzle/moonraker-env/bin/python /home/nozzle/moonraker/moonraker/components/file_manager/metadata.py -p /home/nozzle/hange_data/gcodes -f "Metric Allen Wrench 1x1_0.2mm_PLA_Generic Klipper Printer_4h7m.gcode") successfully finished
2024-08-11 16:10:06,679 [shell_command.py:pipe_data_received()] - INFO:metadata:Object Processing is disabled

2024-08-11 16:10:06,843 [shell_command.py:_check_proc_success()] - Command (/home/nozzle/moonraker-env/bin/python /home/nozzle/moonraker/moonraker/components/file_manager/metadata.py -p /home/nozzle/hange_data/gcodes -f "Multiboard Tile Key Chain Print Test_PLA_24m34s.gcode") successfully finished
2024-08-11 16:10:07,720 [shell_command.py:pipe_data_received()] - INFO:metadata:Object Processing is disabled

2024-08-11 16:10:07,876 [shell_command.py:_check_proc_success()] - Command (/home/nozzle/moonraker-env/bin/python /home/nozzle/moonraker/moonraker/components/file_manager/metadata.py -p /home/nozzle/hange_data/gcodes -f "Mini Multiboard Tiles - x4 Stack_PLA_8h12m.gcode") successfully finished
2024-08-11 16:10:08,708 [shell_command.py:pipe_data_received()] - INFO:metadata:Object Processing is disabled

2024-08-11 16:10:08,858 [klippy_connection.py:_on_connection_closed()] - Klippy Connection Removed
2024-08-11 16:10:09,900 [klippy_connection.py:_do_connect()] - Klippy Connection Established
2024-08-11 16:10:09,906 [shell_command.py:_check_proc_success()] - Command (/home/nozzle/moonraker-env/bin/python /home/nozzle/moonraker/moonraker/components/file_manager/metadata.py -p /home/nozzle/hange_data/gcodes -f "z-disc_0.15mm_PLA_Generic Klipper Printer_1h6m.gcode") successfully finished
2024-08-11 16:10:10,659 [shell_command.py:pipe_data_received()] - INFO:metadata:Object Processing is disabled

2024-08-11 16:10:11,160 [shell_command.py:_check_proc_success()] - Command (/home/nozzle/moonraker-env/bin/python /home/nozzle/moonraker/moonraker/components/file_manager/metadata.py -p /home/nozzle/hange_data/gcodes -f "5x4 Gridfinity Frame 3x2_0.2mm_PLA_Generic Klipper Printer_2h43m.gcode") successfully finished
2024-08-11 16:10:11,166 [machine.py:extract_service_info()] - Detected alternate unit name for klipper: klipper-hange.service
2024-08-11 16:10:11,745 [shell_command.py:pipe_data_received()] - INFO:metadata:Object Processing is disabled

2024-08-11 16:10:11,925 [shell_command.py:_check_proc_success()] - Command (/home/nozzle/moonraker-env/bin/python /home/nozzle/moonraker/moonraker/components/file_manager/metadata.py -p /home/nozzle/hange_data/gcodes -f "Metric Allen Wrench 1x1_0.2mm_PLA_Generic Klipper Printer_2h26m.gcode") successfully finished
2024-08-11 16:10:12,788 [shell_command.py:pipe_data_received()] - INFO:metadata:Object Processing is disabled

2024-08-11 16:10:12,963 [shell_command.py:_check_proc_success()] - Command (/home/nozzle/moonraker-env/bin/python /home/nozzle/moonraker/moonraker/components/file_manager/metadata.py -p /home/nozzle/hange_data/gcodes -f "Multiboard Tile Key Chain Print Test_PLA_27m32s.gcode") successfully finished
2024-08-11 16:10:13,845 [shell_command.py:pipe_data_received()] - INFO:metadata:Object Processing is disabled

2024-08-11 16:10:14,151 [shell_command.py:_check_proc_success()] - Command (/home/nozzle/moonraker-env/bin/python /home/nozzle/moonraker/moonraker/components/file_manager/metadata.py -p /home/nozzle/hange_data/gcodes -f "Mini Multiboard Accessories v5_PLA_15h49m.gcode") successfully finished
2024-08-11 16:10:14,670 [shell_command.py:pipe_data_received()] - INFO:metadata:Object Processing is disabled

2024-08-11 16:10:14,973 [shell_command.py:_check_proc_success()] - Command (/home/nozzle/moonraker-env/bin/python /home/nozzle/moonraker/moonraker/components/file_manager/metadata.py -p /home/nozzle/hange_data/gcodes -f "SPRING FINAL_PLA_7h20m.gcode") successfully finished
2024-08-11 16:10:16,507 [klippy_connection.py:_request_initial_subscriptions()] - Webhooks Subscribed
2024-08-11 16:10:17,260 [klippy_connection.py:_request_initial_subscriptions()] - GCode Output Subscribed
2024-08-11 16:10:18,171 [klippy_connection.py:_check_ready()] - 
Internal error during connect: [Errno 2] No such file or directory: '/home/nozzle/klipper_config/config.d/variables.cfg'

Once the underlying issue is corrected, use the "RESTART"
command to reload the config and restart the host software.
Printer is halted

2024-08-11 16:10:29,194 [common.py:build_error()] - JSON-RPC Request Error - Requested Method: machine.services.restart, Code: 400, Message: Service 'klipper' not allowed
2024-08-11 16:10:35,281 [klippy_connection.py:_on_connection_closed()] - Klippy Connection Removed
2024-08-11 16:10:35,286 [common.py:build_error()] - JSON-RPC Request Error - Requested Method: printer.info, Code: 503, Message: Klippy Host not connected
2024-08-11 16:10:35,308 [application.py:log_request()] - 503 GET /printer/objects/query?bed_mesh&configfile&display_status&extruder&fan&gcode_move&heater_bed&idle_timeout&pause_resume&print_stats&toolhead&virtual_sdcard&webhooks&motion_report&firmware_retraction&exclude_object&manual_probe (127.0.0.1) [_TRUSTED_USER_] 178.53ms
2024-08-11 16:10:35,394 [common.py:build_error()] - JSON-RPC Request Error - Requested Method: printer.info, Code: 503, Message: Klippy Host not connected
2024-08-11 16:10:36,332 [klippy_connection.py:_do_connect()] - Klippy Connection Established
2024-08-11 16:10:36,434 [machine.py:extract_service_info()] - Detected alternate unit name for klipper: klipper-hange.service
2024-08-11 16:10:37,390 [klippy_connection.py:_request_initial_subscriptions()] - Webhooks Subscribed
2024-08-11 16:10:37,391 [klippy_connection.py:_request_initial_subscriptions()] - GCode Output Subscribed
2024-08-11 16:10:37,394 [klippy_connection.py:_check_ready()] - 
Internal error during connect: [Errno 2] No such file or directory: '/home/nozzle/klipper_config/config.d/variables.cfg'

Once the underlying issue is corrected, use the "RESTART"
command to reload the config and restart the host software.
Printer is halted

2024-08-11 16:12:36,642 [klippy_connection.py:_on_connection_closed()] - Klippy Connection Removed
2024-08-11 16:12:36,666 [common.py:build_error()] - JSON-RPC Request Error - Requested Method: printer.info, Code: 503, Message: Klippy Host not connected
2024-08-11 16:12:37,905 [klippy_connection.py:_do_connect()] - Klippy Connection Established
2024-08-11 16:12:37,952 [machine.py:extract_service_info()] - Detected alternate unit name for klipper: klipper-hange.service
2024-08-11 16:12:38,726 [klippy_connection.py:_request_initial_subscriptions()] - Webhooks Subscribed
2024-08-11 16:12:38,728 [klippy_connection.py:_request_initial_subscriptions()] - GCode Output Subscribed
2024-08-11 16:12:38,730 [klippy_connection.py:_check_ready()] - 
Internal error during connect: [Errno 2] No such file or directory: '/home/nozzle/hange_data/config.d/variables.cfg'

Once the underlying issue is corrected, use the "RESTART"
command to reload the config and restart the host software.
Printer is halted

2024-08-11 16:13:02,492 [file_manager.py:complete_file_write()] - Invalid file write event: variables.cfg
2024-08-11 16:13:05,947 [klippy_connection.py:_on_connection_closed()] - Klippy Connection Removed
2024-08-11 16:13:05,974 [common.py:build_error()] - JSON-RPC Request Error - Requested Method: printer.info, Code: 503, Message: Klippy Host not connected
2024-08-11 16:13:07,209 [klippy_connection.py:_do_connect()] - Klippy Connection Established
2024-08-11 16:13:07,252 [machine.py:extract_service_info()] - Detected alternate unit name for klipper: klipper-hange.service
2024-08-11 16:13:08,027 [klippy_connection.py:_request_initial_subscriptions()] - Webhooks Subscribed
2024-08-11 16:13:08,029 [klippy_connection.py:_request_initial_subscriptions()] - GCode Output Subscribed
2024-08-11 16:13:08,032 [klippy_connection.py:_check_ready()] - 
Internal error during connect: [Errno 2] No such file or directory: '/home/nozzle/hange_data/config.d/variables.cfg'

Once the underlying issue is corrected, use the "RESTART"
command to reload the config and restart the host software.
Printer is halted

2024-08-11 16:13:36,535 [klippy_connection.py:_on_connection_closed()] - Klippy Connection Removed
2024-08-11 16:13:36,567 [common.py:build_error()] - JSON-RPC Request Error - Requested Method: printer.info, Code: 503, Message: Klippy Host not connected
2024-08-11 16:13:37,797 [klippy_connection.py:_do_connect()] - Klippy Connection Established
2024-08-11 16:13:37,843 [machine.py:extract_service_info()] - Detected alternate unit name for klipper: klipper-hange.service
2024-08-11 16:13:39,977 [klippy_connection.py:_request_initial_subscriptions()] - Webhooks Subscribed
2024-08-11 16:13:39,979 [klippy_connection.py:_request_initial_subscriptions()] - GCode Output Subscribed
2024-08-11 16:13:40,227 [job_state.py:_handle_started()] - Job state initialized: standby
2024-08-11 16:13:40,482 [server.py:add_warning()] - GCode path received from Klipper does not match expected location.

Received: '/home/nozzle/printer_data/gcodes'
Expected: '/home/nozzle/hange_data/gcodes'

Modify the [virtual_sdcard] section Klipper's configuration to correct this error.

[virtual_sdcard]
path: /home/nozzle/hange_data/gcodes
2024-08-11 16:13:40,490 [klippy_connection.py:_check_ready()] - Klippy ready
2024-08-11 16:13:40,983 [data_store.py:_init_sensors()] - Configuring available sensors: ['heater_bed', 'extruder']
2024-08-11 16:13:41,523 [file_manager.py:get_file_list()] - Updating File List <gcodes>...
2024-08-11 16:13:46,964 [machine.py:_find_public_ip()] - Detected Local IP: 192.168.1.6
2024-08-11 16:14:19,472 [klippy_connection.py:_on_connection_closed()] - Klippy Connection Removed
2024-08-11 16:14:19,552 [common.py:build_error()] - JSON-RPC Request Error - Requested Method: printer.info, Code: 503, Message: Klippy Host not connected
2024-08-11 16:14:20,734 [klippy_connection.py:_do_connect()] - Klippy Connection Established
2024-08-11 16:14:20,781 [machine.py:extract_service_info()] - Detected alternate unit name for klipper: klipper-hange.service
2024-08-11 16:14:22,638 [klippy_connection.py:_request_initial_subscriptions()] - Webhooks Subscribed
2024-08-11 16:14:22,644 [klippy_connection.py:_request_initial_subscriptions()] - GCode Output Subscribed
2024-08-11 16:14:22,890 [job_state.py:_handle_started()] - Job state initialized: standby
2024-08-11 16:14:23,161 [klippy_connection.py:_check_ready()] - Klippy ready
2024-08-11 16:14:23,642 [data_store.py:_init_sensors()] - Configuring available sensors: ['heater_bed', 'extruder']
2024-08-11 16:14:23,686 [file_manager.py:get_file_list()] - Updating File List <gcodes>...
2024-08-11 16:14:27,033 [machine.py:_find_public_ip()] - Detected Local IP: 192.168.1.6
2024-08-11 16:14:52,300 [websockets.py:on_close()] - Websocket Closed: ID: 3011716360 Close Code: None, Close Reason: None, Pong Time Elapsed: 2.79
2024-08-11 16:15:37,076 [machine.py:_find_public_ip()] - Detected Local IP: 192.168.1.6
2024-08-11 16:22:27,517 [machine.py:_find_public_ip()] - Detected Local IP: 192.168.1.6
2024-08-11 16:22:37,547 [machine.py:_find_public_ip()] - Detected Local IP: 192.168.1.6
2024-08-11 16:29:27,994 [machine.py:_find_public_ip()] - Detected Local IP: 192.168.1.6
2024-08-11 16:29:38,006 [machine.py:_find_public_ip()] - Detected Local IP: 192.168.1.6
2024-08-11 16:33:51,520 [klippy_connection.py:_on_connection_closed()] - Klippy Connection Removed
2024-08-11 16:33:52,276 [klippy_connection.py:_do_connect()] - Klippy Connection Established
2024-08-11 16:33:52,320 [machine.py:extract_service_info()] - Detected alternate unit name for klipper: klipper-hange.service
2024-08-11 16:33:53,427 [server.py:add_log_rollover_item()] - Klipper Version: v0.12.0-276-gca815f52-dirty
2024-08-11 16:33:54,457 [klippy_connection.py:_request_initial_subscriptions()] - Webhooks Subscribed
2024-08-11 16:33:54,460 [klippy_connection.py:_request_initial_subscriptions()] - GCode Output Subscribed
2024-08-11 16:33:54,709 [job_state.py:_handle_started()] - Job state initialized: standby
2024-08-11 16:33:54,981 [klippy_connection.py:_check_ready()] - Klippy ready
2024-08-11 16:33:55,463 [data_store.py:_init_sensors()] - Configuring available sensors: ['heater_bed', 'extruder']
2024-08-11 16:33:55,539 [file_manager.py:get_file_list()] - Updating File List <gcodes>...
2024-08-11 16:36:28,455 [machine.py:_find_public_ip()] - Detected Local IP: 192.168.1.6
2024-08-11 16:36:55,623 [application.py:log_request()] - 101 GET /websocket?token=XGZ3VS43H4UTSZMC5RWTVEOXVLD6FEMH (192.168.1.114) [_TRUSTED_USER_] 2.93ms
2024-08-11 16:36:55,624 [websockets.py:open()] - Websocket Opened: ID: 3034399264, Proxied: False, User Agent: Mozilla/5.0 (Macintosh; Intel Mac OS X 10_15_7) AppleWebKit/537.36 (KHTML, like Gecko) Chrome/127.0.0.0 Safari/537.36, Host Name: printfarm.local
2024-08-11 16:36:55,639 [websockets.py:_handle_identify()] - Websocket 3034399264 Client Identified - Name: fluidd, Version: 1.30.1-62fe404, Type: web
2024-08-11 16:36:55,640 [file_manager.py:get_file_list()] - Updating File List <config>...
